<?xml version="1.0" encoding="UTF-8"?>
<!-- Generated by org.testng.reporters.JUnitReportReporter -->
<testsuite hostname="DESKTOP-QJ3QPCM" failures="0" tests="1" name="spotifyRunner.SpotifyRunnerClass" time="5.326" errors="0" timestamp="2025-07-08T15:11:45 IST" skipped="0">
  <testcase classname="spotifyRunner.SpotifyRunnerClass" name="runScenario" time="5.326"/>
  <system-out/>
</testsuite> <!-- spotifyRunner.SpotifyRunnerClass -->
